<?xml version="1.0" encoding="UTF-8"?>
<coverage generated="1682478167343" clover="3.2.0">
  <project timestamp="1682478167343" name="All files">
    <metrics statements="51" coveredstatements="32" conditionals="9" coveredconditionals="4" methods="19" coveredmethods="8" elements="79" coveredelements="44" complexity="0" loc="51" ncloc="51" packages="2" files="3" classes="3"/>
    <package name="movieDBfront">
      <metrics statements="1" coveredstatements="1" conditionals="0" coveredconditionals="0" methods="0" coveredmethods="0"/>
      <file name="key.js" path="/Users/nicolasmedranosoto/Desktop/movieDB/movieDBapp/movieDBfront/key.js">
        <metrics statements="1" coveredstatements="1" conditionals="0" coveredconditionals="0" methods="0" coveredmethods="0"/>
        <line num="1" count="1" type="stmt"/>
      </file>
    </package>
    <package name="movieDBfront.src.features.login.container">
      <metrics statements="50" coveredstatements="31" conditionals="9" coveredconditionals="4" methods="19" coveredmethods="8"/>
      <file name="Login.js" path="/Users/nicolasmedranosoto/Desktop/movieDB/movieDBapp/movieDBfront/src/features/login/container/Login.js">
        <metrics statements="39" coveredstatements="22" conditionals="9" coveredconditionals="4" methods="13" coveredmethods="4"/>
        <line num="19" count="1" type="stmt"/>
        <line num="20" count="1" type="stmt"/>
        <line num="21" count="1" type="stmt"/>
        <line num="22" count="1" type="stmt"/>
        <line num="23" count="1" type="stmt"/>
        <line num="24" count="1" type="stmt"/>
        <line num="26" count="1" type="stmt"/>
        <line num="27" count="1" type="stmt"/>
        <line num="28" count="1" type="stmt"/>
        <line num="29" count="1" type="cond" truecount="1" falsecount="1"/>
        <line num="33" count="1" type="stmt"/>
        <line num="36" count="1" type="stmt"/>
        <line num="37" count="1" type="stmt"/>
        <line num="38" count="1" type="stmt"/>
        <line num="39" count="1" type="cond" truecount="1" falsecount="1"/>
        <line num="41" count="0" type="stmt"/>
        <line num="44" count="0" type="stmt"/>
        <line num="45" count="0" type="stmt"/>
        <line num="47" count="1" type="stmt"/>
        <line num="50" count="1" type="stmt"/>
        <line num="51" count="0" type="stmt"/>
        <line num="54" count="1" type="stmt"/>
        <line num="55" count="0" type="stmt"/>
        <line num="58" count="1" type="stmt"/>
        <line num="59" count="0" type="stmt"/>
        <line num="68" count="0" type="stmt"/>
        <line num="71" count="1" type="stmt"/>
        <line num="72" count="0" type="stmt"/>
        <line num="73" count="0" type="stmt"/>
        <line num="74" count="0" type="stmt"/>
        <line num="77" count="1" type="stmt"/>
        <line num="78" count="0" type="stmt"/>
        <line num="79" count="0" type="stmt"/>
        <line num="81" count="0" type="stmt"/>
        <line num="85" count="1" type="stmt"/>
        <line num="118" count="0" type="stmt"/>
        <line num="129" count="0" type="stmt"/>
        <line num="146" count="0" type="stmt"/>
        <line num="151" count="0" type="stmt"/>
      </file>
      <file name="SignUp.js" path="/Users/nicolasmedranosoto/Desktop/movieDB/movieDBapp/movieDBfront/src/features/login/container/SignUp.js">
        <metrics statements="11" coveredstatements="9" conditionals="0" coveredconditionals="0" methods="6" coveredmethods="4"/>
        <line num="13" count="1" type="stmt"/>
        <line num="14" count="8" type="stmt"/>
        <line num="15" count="8" type="stmt"/>
        <line num="16" count="8" type="stmt"/>
        <line num="18" count="8" type="stmt"/>
        <line num="19" count="0" type="stmt"/>
        <line num="22" count="8" type="stmt"/>
        <line num="44" count="1" type="stmt"/>
        <line num="55" count="1" type="stmt"/>
        <line num="66" count="1" type="stmt"/>
        <line num="75" count="0" type="stmt"/>
      </file>
    </package>
  </project>
</coverage>
