TN:
SF:key.js
FNF:0
FNH:0
DA:1,1
LF:1
LH:1
BRF:0
BRH:0
end_of_record
TN:
SF:src/features/login/container/Login.js
FN:19,(anonymous_0)
FN:26,(anonymous_1)
FN:27,(anonymous_2)
FN:36,(anonymous_3)
FN:50,(anonymous_4)
FN:54,(anonymous_5)
FN:58,(anonymous_6)
FN:71,(anonymous_7)
FN:77,(anonymous_8)
FN:118,(anonymous_9)
FN:129,(anonymous_10)
FN:145,(anonymous_11)
FN:151,(anonymous_12)
FNF:13
FNH:4
FNDA:1,(anonymous_0)
FNDA:1,(anonymous_1)
FNDA:1,(anonymous_2)
FNDA:1,(anonymous_3)
FNDA:0,(anonymous_4)
FNDA:0,(anonymous_5)
FNDA:0,(anonymous_6)
FNDA:0,(anonymous_7)
FNDA:0,(anonymous_8)
FNDA:0,(anonymous_9)
FNDA:0,(anonymous_10)
FNDA:0,(anonymous_11)
FNDA:0,(anonymous_12)
DA:19,1
DA:20,1
DA:21,1
DA:22,1
DA:23,1
DA:24,1
DA:26,1
DA:27,1
DA:28,1
DA:29,1
DA:33,1
DA:36,1
DA:37,1
DA:38,1
DA:39,1
DA:41,0
DA:44,0
DA:45,0
DA:47,1
DA:50,1
DA:51,0
DA:54,1
DA:55,0
DA:58,1
DA:59,0
DA:68,0
DA:71,1
DA:72,0
DA:73,0
DA:74,0
DA:77,1
DA:78,0
DA:79,0
DA:81,0
DA:85,1
DA:118,0
DA:129,0
DA:146,0
DA:151,0
LF:39
LH:22
BRDA:29,0,0,0
BRDA:29,0,1,1
BRDA:39,1,0,0
BRDA:39,1,1,1
BRDA:142,2,0,1
BRDA:142,2,1,0
BRDA:142,2,2,0
BRDA:154,3,0,0
BRDA:154,3,1,1
BRF:9
BRH:4
end_of_record
TN:
SF:src/features/login/container/SignUp.js
FN:13,(anonymous_0)
FN:18,(anonymous_1)
FN:44,(anonymous_2)
FN:55,(anonymous_3)
FN:66,(anonymous_4)
FN:74,(anonymous_5)
FNF:6
FNH:4
FNDA:8,(anonymous_0)
FNDA:0,(anonymous_1)
FNDA:1,(anonymous_2)
FNDA:1,(anonymous_3)
FNDA:1,(anonymous_4)
FNDA:0,(anonymous_5)
DA:13,1
DA:14,8
DA:15,8
DA:16,8
DA:18,8
DA:19,0
DA:22,8
DA:44,1
DA:55,1
DA:66,1
DA:75,0
LF:11
LH:9
BRF:0
BRH:0
end_of_record
